

Started GET "/" for ::1 at 2015-12-17 07:43:14 -0800
  [1m[36mActiveRecord::SchemaMigration Load (26.8ms)[0m  [1mSELECT "schema_migrations".* FROM "schema_migrations"[0m
Processing by WelcomeController#index as HTML
  Rendered welcome/index.html.erb within layouts/application (1.6ms)
  [1m[35mUser Load (25.1ms)[0m  SELECT  "users".* FROM "users" WHERE "users"."id" = $1 LIMIT 1  [["id", 1]]
  Rendered partials/_nav_profile_modal.html.erb (0.8ms)
  Rendered navigation/_main_nav.html.erb (84.5ms)
  Rendered partials/_header_errors.html.erb (0.7ms)
Completed 200 OK in 1504ms (Views: 1436.3ms | ActiveRecord: 56.4ms)


Started GET "/assets/components/_flexbox_vendors.self-e3b0c44298fc1c149afbf4c8996fb92427ae41e4649b934ca495991b7852b855.css?body=1" for ::1 at 2015-12-17 07:43:16 -0800


Started GET "/assets/layout/layout.self-3f9f3e140ab68b91df14922206916a2fb6720f3d095a456f77afd8bb054cbc24.css?body=1" for ::1 at 2015-12-17 07:43:16 -0800


Started GET "/assets/layout/users/cart.self-639de46ee80253eae82d07ade637ef3460bddc486e16885176b5bc811f182b27.css?body=1" for ::1 at 2015-12-17 07:43:16 -0800


Started GET "/assets/layout/users/profile.self-9f4d52527ff8eaa86c5866617a6714fe48c823a653e261585af39436a674fcee.css?body=1" for ::1 at 2015-12-17 07:43:16 -0800


Started GET "/assets/layout/welcome.self-2dcb598d2ea0dfa1a835550d61c7d93b921d3d6bdff06a0c18f42ffd8bd90541.css?body=1" for ::1 at 2015-12-17 07:43:16 -0800


Started GET "/assets/layout.self-73880660cf37906e13591bb1b712f13786526804b45eaf811b236caee375a2c8.js?body=1" for ::1 at 2015-12-17 07:43:16 -0800


Started GET "/assets/navProfileMobile.self-b75189f68799d65046a4f5c5d81ee6fde2320019f9feaf22db3dfe1b419ddf8d.js?body=1" for ::1 at 2015-12-17 07:43:16 -0800


Started GET "/orders/recent/last" for ::1 at 2015-12-17 07:43:21 -0800
Processing by OrdersController#recent as */*
  [1m[36mOrder Load (23.3ms)[0m  [1mSELECT  "orders".* FROM "orders"  ORDER BY "orders"."id" DESC LIMIT 1[0m
  [1m[35mItem Load (15.0ms)[0m  SELECT  "items".* FROM "items" WHERE "items"."id" = $1 LIMIT 1  [["id", 46246]]
  [1m[36mItem Load (0.4ms)[0m  [1mSELECT  "items".* FROM "items" WHERE "items"."id" = $1 LIMIT 1[0m  [["id", 86056]]
  [1m[35mItem Load (0.3ms)[0m  SELECT  "items".* FROM "items" WHERE "items"."id" = $1 LIMIT 1  [["id", 16442]]
  Rendered partials/_profile_history_last.html.erb (1.5ms)
Completed 200 OK in 97ms (Views: 0.6ms | ActiveRecord: 45.0ms)


Started GET "/orders" for ::1 at 2015-12-17 07:43:23 -0800
Processing by OrdersController#index as HTML
  [1m[36mUser Load (0.4ms)[0m  [1mSELECT  "users".* FROM "users" WHERE "users"."id" = $1 LIMIT 1[0m  [["id", 1]]
  [1m[35mOrder Load (0.3ms)[0m  SELECT "orders".* FROM "orders" WHERE "orders"."user_id" = $1  [["user_id", 1]]
  [1m[36mItem Load (0.4ms)[0m  [1mSELECT  "items".* FROM "items" WHERE "items"."id" = $1 LIMIT 1[0m  [["id", 46246]]
  [1m[35mItem Load (0.3ms)[0m  SELECT  "items".* FROM "items" WHERE "items"."id" = $1 LIMIT 1  [["id", 86056]]
  [1m[36mItem Load (0.4ms)[0m  [1mSELECT  "items".* FROM "items" WHERE "items"."id" = $1 LIMIT 1[0m  [["id", 16442]]
  Rendered orders/index.html.erb within layouts/application (1.2ms)
  Rendered partials/_nav_profile_modal.html.erb (0.2ms)
  Rendered navigation/_main_nav.html.erb (2.6ms)
  Rendered partials/_header_errors.html.erb (0.2ms)
Completed 200 OK in 300ms (Views: 292.2ms | ActiveRecord: 1.8ms)


Started GET "/items" for ::1 at 2015-12-17 07:43:26 -0800
Processing by ItemsController#index as HTML
  Rendered navigation/_filter_nav.html.erb (0.4ms)
  [1m[35mItem Load (0.4ms)[0m  SELECT "items".* FROM "items"
  Rendered items/index.html.erb within layouts/application (13.1ms)
  [1m[36mUser Load (0.3ms)[0m  [1mSELECT  "users".* FROM "users" WHERE "users"."id" = $1 LIMIT 1[0m  [["id", 1]]
  Rendered partials/_nav_profile_modal.html.erb (0.7ms)
  Rendered navigation/_main_nav.html.erb (4.5ms)
  Rendered partials/_header_errors.html.erb (1.8ms)
Completed 200 OK in 218ms (Views: 216.2ms | ActiveRecord: 0.7ms)


Started GET "/users/cart" for ::1 at 2015-12-17 07:43:32 -0800
Processing by UsersController#cart as HTML
  [1m[35mUser Load (1.0ms)[0m  SELECT  "users".* FROM "users" WHERE "users"."id" = $1 LIMIT 1  [["id", 1]]
  [1m[36mItem Load (0.4ms)[0m  [1mSELECT  "items".* FROM "items" WHERE "items"."id" = $1 LIMIT 1[0m  [["id", 18793]]
  [1m[35mCACHE (0.0ms)[0m  SELECT  "items".* FROM "items" WHERE "items"."id" = $1 LIMIT 1  [["id", 18793]]
  [1m[36m (8.0ms)[0m  [1mSELECT COUNT(*) FROM "addresses" WHERE "addresses"."user_id" = $1[0m  [["user_id", 1]]
  [1m[35mAddress Load (0.2ms)[0m  SELECT "addresses".* FROM "addresses" WHERE "addresses"."user_id" = $1  [["user_id", 1]]
  Rendered users/_form.html.erb (36.1ms)
  Rendered addresses/_form.html.erb (2.0ms)
  Rendered users/cart.html.erb within layouts/application (43.6ms)
  Rendered partials/_nav_profile_modal.html.erb (0.1ms)
  Rendered navigation/_main_nav.html.erb (1.0ms)
  Rendered partials/_header_errors.html.erb (0.1ms)
Completed 200 OK in 196ms (Views: 175.9ms | ActiveRecord: 12.7ms)


Started POST "/users/cart/proceed" for ::1 at 2015-12-17 07:43:43 -0800
Processing by UsersController#proceed as HTML
  Parameters: {"utf8"=>"✓", "authenticity_token"=>"mmoFrQuFUEkPOL67WOSr7ebINjcMkXAPiYe4Qd6gPRV7t1xgtCeGGM8MI13DQ+8rPHHK3IzoKhXYcWR6ASyOLQ==", "user"=>{"billing_checkbox"=>"0", "user_id"=>"1"}, "commit"=>"Proceed to Checkout"}
Redirected to http://localhost:3000/charges/new
Completed 302 Found in 1ms (ActiveRecord: 0.0ms)


Started GET "/charges/new" for ::1 at 2015-12-17 07:43:43 -0800
Processing by ChargesController#new as HTML
  [1m[36mUser Load (0.3ms)[0m  [1mSELECT  "users".* FROM "users" WHERE "users"."id" = $1 LIMIT 1[0m  [["id", 1]]
  [1m[35mItem Load (0.2ms)[0m  SELECT  "items".* FROM "items" WHERE "items"."id" = $1 LIMIT 1  [["id", 18793]]
  [1m[36mCACHE (0.0ms)[0m  [1mSELECT  "items".* FROM "items" WHERE "items"."id" = $1 LIMIT 1[0m  [["id", 18793]]
  Rendered charges/new.html.erb within layouts/application (1.5ms)
  Rendered partials/_nav_profile_modal.html.erb (0.1ms)
  Rendered navigation/_main_nav.html.erb (0.9ms)
  Rendered partials/_header_errors.html.erb (0.1ms)
Completed 200 OK in 119ms (Views: 115.4ms | ActiveRecord: 0.5ms)
